<?xml version="1.0" encoding="UTF-8"?>
<testsuite name="TestSuite" time="28.46" tests="6" errors="0" skipped="0" failures="0">
  <properties>
[...]
</properties>
  <testcase name="loginTest" classname="com.demoblaze.testCases.TC_LoginTest_001" time="4.204"/>
  <testcase name="PhoneTest" classname="com.demoblaze.testCases.TC_PhoneSecTest_001" time="10.405"/>
  <testcase name="PhoneDDTTest" classname="com.demoblaze.testCases.TC_LoginDDT_002" time="13.851"/>
  <testcase name="PhoneDDTTest" classname="com.demoblaze.testCases.TC_LoginDDT_002" time="9.057"/>
  <testcase name="PhoneDDTTest" classname="com.demoblaze.testCases.TC_LoginDDT_002" time="8.133"/>
  <testcase name="PhoneDDTTest" classname="com.demoblaze.testCases.TC_LoginDDT_002" time="9.8"/>
</testsuite>