<?xml version="1.0" encoding="UTF-8"?>
<testng-results ignored="0" total="6" passed="6" failed="0" skipped="0">
  <reporter-output>
  </reporter-output>
  <suite started-at="2024-01-26T18:36:31 IST" name="demoblaze" finished-at="2024-01-26T18:37:37 IST" duration-ms="66271">
    <groups>
    </groups>
    <test started-at="2024-01-26T18:36:31 IST" name="demoblaze Test" finished-at="2024-01-26T18:37:37 IST" duration-ms="66271">
      <class name="com.demoblaze.testCases.TC_LoginTest_001">
        <test-method is-config="true" signature="Setup()[pri:0, instance:com.demoblaze.testCases.TC_LoginTest_001@2d2ffcb7]" started-at="2024-01-26T18:36:31 IST" name="Setup" finished-at="2024-01-26T18:36:37 IST" duration-ms="5979" status="PASS">
          <reporter-output>
          </reporter-output>
        </test-method> <!-- Setup -->
        <test-method signature="loginTest()[pri:0, instance:com.demoblaze.testCases.TC_LoginTest_001@2d2ffcb7]" started-at="2024-01-26T18:36:37 IST" name="loginTest" finished-at="2024-01-26T18:36:42 IST" duration-ms="4202" status="PASS">
          <reporter-output>
          </reporter-output>
        </test-method> <!-- loginTest -->
        <test-method is-config="true" signature="teardown()[pri:0, instance:com.demoblaze.testCases.TC_LoginTest_001@2d2ffcb7]" started-at="2024-01-26T18:36:42 IST" name="teardown" finished-at="2024-01-26T18:36:42 IST" duration-ms="277" status="PASS">
          <reporter-output>
          </reporter-output>
        </test-method> <!-- teardown -->
      </class> <!-- com.demoblaze.testCases.TC_LoginTest_001 -->
      <class name="com.demoblaze.testCases.TC_LoginDDT_002">
        <test-method is-config="true" signature="Setup()[pri:0, instance:com.demoblaze.testCases.TC_LoginDDT_002@3c0be339]" started-at="2024-01-26T18:36:54 IST" name="Setup" finished-at="2024-01-26T18:36:55 IST" duration-ms="1126" status="PASS">
          <reporter-output>
          </reporter-output>
        </test-method> <!-- Setup -->
        <test-method signature="PhoneDDTTest(java.lang.String,java.lang.String)[pri:0, instance:com.demoblaze.testCases.TC_LoginDDT_002@3c0be339]" started-at="2024-01-26T18:36:56 IST" name="PhoneDDTTest" data-provider="CredentailsSupplier" finished-at="2024-01-26T18:37:10 IST" duration-ms="13849" status="PASS">
          <params>
            <param index="0">
              <value>
                <![CDATA[admin]]>
              </value>
            </param>
            <param index="1">
              <value>
                <![CDATA[admin]]>
              </value>
            </param>
          </params>
          <reporter-output>
          </reporter-output>
        </test-method> <!-- PhoneDDTTest -->
        <test-method signature="PhoneDDTTest(java.lang.String,java.lang.String)[pri:0, instance:com.demoblaze.testCases.TC_LoginDDT_002@3c0be339]" started-at="2024-01-26T18:37:10 IST" name="PhoneDDTTest" data-provider="CredentailsSupplier" finished-at="2024-01-26T18:37:19 IST" duration-ms="9058" status="PASS">
          <params>
            <param index="0">
              <value>
                <![CDATA[admin]]>
              </value>
            </param>
            <param index="1">
              <value>
                <![CDATA[admin]]>
              </value>
            </param>
          </params>
          <reporter-output>
          </reporter-output>
        </test-method> <!-- PhoneDDTTest -->
        <test-method signature="PhoneDDTTest(java.lang.String,java.lang.String)[pri:0, instance:com.demoblaze.testCases.TC_LoginDDT_002@3c0be339]" started-at="2024-01-26T18:37:19 IST" name="PhoneDDTTest" data-provider="CredentailsSupplier" finished-at="2024-01-26T18:37:27 IST" duration-ms="8131" status="PASS">
          <params>
            <param index="0">
              <value>
                <![CDATA[admin]]>
              </value>
            </param>
            <param index="1">
              <value>
                <![CDATA[admin]]>
              </value>
            </param>
          </params>
          <reporter-output>
          </reporter-output>
        </test-method> <!-- PhoneDDTTest -->
        <test-method signature="PhoneDDTTest(java.lang.String,java.lang.String)[pri:0, instance:com.demoblaze.testCases.TC_LoginDDT_002@3c0be339]" started-at="2024-01-26T18:37:27 IST" name="PhoneDDTTest" data-provider="CredentailsSupplier" finished-at="2024-01-26T18:37:37 IST" duration-ms="9797" status="PASS">
          <params>
            <param index="0">
              <value>
                <![CDATA[admin]]>
              </value>
            </param>
            <param index="1">
              <value>
                <![CDATA[admin]]>
              </value>
            </param>
          </params>
          <reporter-output>
          </reporter-output>
        </test-method> <!-- PhoneDDTTest -->
        <test-method is-config="true" signature="teardown()[pri:0, instance:com.demoblaze.testCases.TC_LoginDDT_002@3c0be339]" started-at="2024-01-26T18:37:37 IST" name="teardown" finished-at="2024-01-26T18:37:37 IST" duration-ms="179" status="PASS">
          <reporter-output>
          </reporter-output>
        </test-method> <!-- teardown -->
      </class> <!-- com.demoblaze.testCases.TC_LoginDDT_002 -->
      <class name="com.demoblaze.testCases.TC_PhoneSecTest_001">
        <test-method is-config="true" signature="Setup()[pri:0, instance:com.demoblaze.testCases.TC_PhoneSecTest_001@1ebd319f]" started-at="2024-01-26T18:36:42 IST" name="Setup" finished-at="2024-01-26T18:36:43 IST" duration-ms="1534" status="PASS">
          <reporter-output>
          </reporter-output>
        </test-method> <!-- Setup -->
        <test-method signature="PhoneTest()[pri:0, instance:com.demoblaze.testCases.TC_PhoneSecTest_001@1ebd319f]" started-at="2024-01-26T18:36:43 IST" name="PhoneTest" finished-at="2024-01-26T18:36:54 IST" duration-ms="10404" status="PASS">
          <reporter-output>
          </reporter-output>
        </test-method> <!-- PhoneTest -->
        <test-method is-config="true" signature="teardown()[pri:0, instance:com.demoblaze.testCases.TC_PhoneSecTest_001@1ebd319f]" started-at="2024-01-26T18:36:54 IST" name="teardown" finished-at="2024-01-26T18:36:54 IST" duration-ms="203" status="PASS">
          <reporter-output>
          </reporter-output>
        </test-method> <!-- teardown -->
      </class> <!-- com.demoblaze.testCases.TC_PhoneSecTest_001 -->
    </test> <!-- demoblaze Test -->
  </suite> <!-- demoblaze -->
</testng-results>
