<?xml version="1.0" encoding="UTF-8"?>
<!-- Generated by org.testng.reporters.JUnitXMLReporter -->
<testsuite ignored="0" hostname="DESKTOP-AP4JK8A" failures="0" tests="6" name="demoblaze Test" time="66.271" errors="0" timestamp="2024-01-26T18:37:37 IST">
  <testcase classname="com.demoblaze.testCases.TC_LoginTest_001" name="loginTest" time="4.202"/>
  <testcase classname="com.demoblaze.testCases.TC_PhoneSecTest_001" name="PhoneTest" time="10.404"/>
  <testcase classname="com.demoblaze.testCases.TC_LoginDDT_002" name="PhoneDDTTest" time="13.849"/>
  <testcase classname="com.demoblaze.testCases.TC_LoginDDT_002" name="PhoneDDTTest" time="9.058"/>
  <testcase classname="com.demoblaze.testCases.TC_LoginDDT_002" name="PhoneDDTTest" time="8.131"/>
  <testcase classname="com.demoblaze.testCases.TC_LoginDDT_002" name="PhoneDDTTest" time="9.797"/>
</testsuite> <!-- demoblaze Test -->
