<?xml version="1.0" encoding="UTF-8"?>
<!-- Generated by org.testng.reporters.JUnitXMLReporter -->
<testsuite ignored="0" hostname="DESKTOP-AP4JK8A" failures="0" tests="6" name="demoblaze Test" time="53.257" errors="0" timestamp="2024-01-26T18:24:10 IST">
  <testcase classname="com.demoblaze.testCases.TC_LoginTest_001" name="loginTest" time="1.885"/>
  <testcase classname="com.demoblaze.testCases.TC_LoginDDT_002" name="PhoneDDTTest" time="9.567"/>
  <testcase classname="com.demoblaze.testCases.TC_LoginDDT_002" name="PhoneDDTTest" time="7.705"/>
  <testcase classname="com.demoblaze.testCases.TC_LoginDDT_002" name="PhoneDDTTest" time="9.192"/>
  <testcase classname="com.demoblaze.testCases.TC_LoginDDT_002" name="PhoneDDTTest" time="8.102"/>
  <testcase classname="com.demoblaze.testCases.TC_PhoneSecTest_001" name="PhoneTest" time="10.18"/>
</testsuite> <!-- demoblaze Test -->
